2.8526093309356
2.27880933572936
1.57849030809691
2.57931668795017
2.17816611824143
2.72247435056485
1.98971470239911
1.23568967970839
1.07546461278691
1.55553044390535
1.0418677218582
2.87827717510932
2.87563504983152
1.85935568080779
1.09666927732268
2.41726598347326
1.11068649584343
2.60154482465992
1.56861781015768
1.62092013764961
1.96521457856924
2.91099139079697
2.1596846781461
2.47097253237034
1.26428366344812
1.67707260849113
2.93640804915068
2.43976737632609
1.89349721309518
1.30225295369806
1.12599467427173
2.81539371141331
1.81256700261407
2.03838169277623
1.5243724459265
1.75885817496432
1.35522415109646
1.89507297553993
1.94268309403008
1.14875173594776
2.40959819382631
1.90702655946347
2.03860336027432
2.19019844911527
1.60399028542927
2.9004263606237
1.46052514137977
2.25371246687108
2.699298716493
1.65234583605007
1.65765103213757
1.26476075225425
2.08348487003153
2.36834683154606
1.56536205306161
1.26641127284942
2.30391116457731
2.12038510375248
2.15692974053805
1.38676804967993
1.84490505265681
2.72918437024319
1.46016583448806
1.50253341218796
2.40152039194118
1.51311458177537
2.87757014475098
2.32382229526992
1.41344510646073
1.3612622714613
2.73384143764923
2.63836153201071
1.9588576319323
2.25501444158544
2.02439798351232
2.03176697124896
1.77652981747131
1.2245456250603
1.87820436931678
2.81228100740621
1.35162636074541
1.87980363009643
1.70935993303956
1.16200087612607
2.98872610997413
1.22688616855666
1.25246234282695
2.04231196819528
2.58310429908938
1.12829120567142
1.4008580496472
1.21028857095696
2.52303261684401
1.17886157631179
2.14492021172384
2.247814985977
2.60279157169112
2.16903231584882
2.9960948477383
1.93994101908778
