Branch:    2

  LnL0:    -84.080092443781595
Branch lengths:  0.0000000  0.0000000  0.0000000  0.0000000  0.0556517  0.0000000  0.0566261  0.0000000
  0.0000000  0.0000000  0.0000000  0.0000000  0.0000000  0.0000000  0.0000000  0.0000000
  0.0000000
p0:  1.0000000  p1:  0.0000000  p2a:  0.0000000  p2b:  0.0000000
w0:  0.1606263  k:   0.0001000

  LnL1:    -84.080092443781126
Branch lengths:  0.0000000 -0.0000000  0.0000000 -0.0000000  0.0556517  0.0000000  0.0566261  0.0000000
  0.0000000  0.0000000  0.0000000  0.0000000  0.0000000  0.0000000  0.0000000 -0.0000000
  0.0000000
p0:  0.9999999  p1:  0.0000000  p2a:  0.0000001  p2b:  0.0000000
w0:  0.1606263  k:   0.0001000  w2:   1.3010067


Branch:    4

  LnL0:    -82.826111349897047
Branch lengths:  0.0000000  0.0000000  0.0000000  0.0000000  0.0501092  0.0000000  0.0682420  0.0000000
  0.0000000  0.0000000  0.0000000  0.0000000  0.0000000  0.0000000  0.0000000  0.0000000
  0.0000000
p0:  0.0000000  p1:  0.0000000  p2a:  1.0000000  p2b:  0.0000000
w0:  0.0000010  k:   0.0001000

  LnL1:    -82.670724327754783
Branch lengths:  0.0000000  0.0000000  0.0000000  0.0000000  0.0484902  0.0000000  0.0682420  0.0000000
  0.0000000  0.0000000  0.0000000  0.0000000  0.0000000  0.0000000  0.0000000  0.0000000
  0.0000000
p0:  0.0000000  p1:  0.0000000  p2a:  1.0000000  p2b:  0.0000000
w0:  0.0000010  k:   0.0001000  w2: 999.0000000


Branch:    6

  LnL0:    -84.080092443781069
Branch lengths:  0.0000000  0.0000000  0.0000000  0.0000000  0.0556517  0.0000000  0.0566261  0.0000000
  0.0000000  0.0000000 -0.0000000  0.0000000  0.0000000  0.0000000  0.0000000 -0.0000000
  0.0000000
p0:  1.0000000  p1:  0.0000000  p2a:  0.0000000  p2b:  0.0000000
w0:  0.1606263  k:   0.0001000

  LnL1:    -84.080092443781524
Branch lengths:  0.0000000  0.0000000  0.0000000  0.0000000  0.0556517  0.0000000  0.0566261  0.0000000
  0.0000000  0.0000000  0.0000000  0.0000000  0.0000000  0.0000000  0.0000000  0.0000000
  0.0000000
p0:  1.0000000  p1:  0.0000000  p2a:  0.0000000  p2b:  0.0000000
w0:  0.1606263  k:   0.0001000  w2:   1.0258133


Branch:    8

  LnL0:    -84.080092443781126
Branch lengths:  0.0000000  0.0000000  0.0000000  0.0000000  0.0556517  0.0000000  0.0566261  0.0000000
  0.0000000  0.0000000  0.0000000  0.0000000  0.0000000  0.0000000  0.0000000  0.0000000
  0.0000000
p0:  0.8523829  p1:  0.0000000  p2a:  0.1476171  p2b:  0.0000000
w0:  0.1606263  k:   0.0001000

  LnL1:    -84.080092443781126
Branch lengths:  0.0000000  0.0000000  0.0000000  0.0000000  0.0556517  0.0000000  0.0566261  0.0000000
  0.0000000  0.0000000  0.0000000  0.0000000  0.0000000  0.0000000  0.0000000  0.0000000
  0.0000000
p0:  0.8838374  p1:  0.0000000  p2a:  0.1161626  p2b:  0.0000000
w0:  0.1606263  k:   0.0001000  w2:   1.0429385


Branch:   10

  LnL0:    -84.080092443781908
Branch lengths:  0.0000000  0.0000000  0.0000000  0.0000000  0.0556517  0.0000000  0.0566261  0.0000000
  0.0000000  0.0000000  0.0000000  0.0000000  0.0000000  0.0000000  0.0000000  0.0000000
  0.0000000
p0:  1.0000000  p1:  0.0000000  p2a:  0.0000000  p2b:  0.0000000
w0:  0.1606263  k:   0.0001000

  LnL1:    -84.080092443781524
Branch lengths:  0.0000000  0.0000000  0.0000000  0.0000000  0.0556517  0.0000000  0.0566261  0.0000000
  0.0000000  0.0000000  0.0000000  0.0000000  0.0000000  0.0000000  0.0000000  0.0000000
  0.0000000
p0:  0.8670830  p1:  0.0000000  p2a:  0.1329170  p2b:  0.0000000
w0:  0.1606263  k:   0.0001000  w2:   1.0488853


Branch:   12

  LnL0:    -84.080092443781524
Branch lengths:  0.0000000  0.0000000  0.0000000  0.0000000  0.0556517  0.0000000  0.0566261  0.0000000
  0.0000000  0.0000000  0.0000000  0.0000000  0.0000000  0.0000000  0.0000000  0.0000000
  0.0000000
p0:  1.0000000  p1:  0.0000000  p2a:  0.0000000  p2b:  0.0000000
w0:  0.1606263  k:   0.0001000

  LnL1:    -84.080092443781936
Branch lengths:  0.0000000  0.0000000  0.0000000  0.0000000  0.0556517  0.0000000  0.0566261  0.0000000
  0.0000000  0.0000000  0.0000000  0.0000000  0.0000000  0.0000000  0.0000000  0.0000000
  0.0000000
p0:  1.0000000  p1:  0.0000000  p2a:  0.0000000  p2b:  0.0000000
w0:  0.1606263  k:   0.0001000  w2:   1.1708581


Branch:   14

  LnL0:    -84.080092443781624
Branch lengths:  0.0000000  0.0000000  0.0000000  0.0000000  0.0556517  0.0000000  0.0566261  0.0000000
  0.0000000  0.0000000  0.0000000  0.0000000  0.0000000  0.0000000  0.0000000  0.0000000
  0.0000000
p0:  1.0000000  p1:  0.0000000  p2a:  0.0000000  p2b:  0.0000000
w0:  0.1606263  k:   0.0001000

  LnL1:    -84.080092443781155
Branch lengths:  0.0000000  0.0000000  0.0000000  0.0000000  0.0556517  0.0000000  0.0566261  0.0000000
  0.0000000  0.0000000  0.0000000  0.0000000  0.0000000  0.0000000  0.0000000  0.0000000
  0.0000000
p0:  1.0000000  p1:  0.0000000  p2a:  0.0000000  p2b:  0.0000000
w0:  0.1606263  k:   0.0001000  w2:   2.0982979


