------------------------------------
FastCodeML V1.3.0
------------------------------------

Tree file:          /workdir/fasty_run_1484903013/fast20170120-1-eddhxm/tree.nwk
Gene file:          /workdir/fasty_run_1484903013/fast20170120-1-eddhxm/aligned.phy
Verbose level:      4 (Mild debug messages)
H0 pre stop:        No
Reduce forest:      Aggressive
Clean data:         Off
Optimizer:          22
Relative error:     0.001
Results file:       /workdir/fasty_run_1484903013/fast20170120-1-eddhxm/output.out
Current num. cores: 4
Total num. cores:   4
Compiled with:      USE_OPENMP USE_CPV_SCALING USE_LAPACK 


Num. species:         10
Num. basis:           60
Valid codons:         20/20
Sites:                15/20
Multi codons:          4/20

------------------------------------

3 1 2 1 1 1 2 1 1 1 0 2 0 0 1 1 0 0 1 1 

Reduced    0 maps to original: 0 13 17
Reduced    1 maps to original: 1
Reduced    2 maps to original: 2 10
Reduced    3 maps to original: 3
Reduced    4 maps to original: 4
Reduced    5 maps to original: 5
Reduced    6 maps to original: 6 16
Reduced    7 maps to original: 7
Reduced    8 maps to original: 8
Reduced    9 maps to original: 9
Reduced   10 maps to original: 11 12
Reduced   11 maps to original: 14
Reduced   12 maps to original: 15
Reduced   13 maps to original: 18
Reduced   14 maps to original: 19

Tree as read in PhyloTree
TREE
  NODELST
    SUBTREE
      FLAB
        LABEL
          LABEL LQ7A5IIG6X
      CBLEN
        BRANCHLEN
          BRANCHLEN 0.00000001
    SUBTREE
      FLAB
        LABEL
          LABEL LLK157KGJW
      CBLEN
        BRANCHLEN
          BRANCHLEN 0.00000001
    SUBTREE
      NODELST
        SUBTREE
          FLAB
            LABEL
              LABEL MOO2J38S5H
          CBLEN
            BRANCHLEN
              BRANCHLEN 0.00000001
        SUBTREE
          NODELST
            SUBTREE
              FLAB
                LABEL
                  LABEL XHAHMQ2C8N
              CBLEN
                BRANCHLEN
                  BRANCHLEN 0.00000001
            SUBTREE
              NODELST
                SUBTREE
                  FLAB
                    LABEL
                      LABEL QDDGZYZPHN
                  CBLEN
                    BRANCHLEN
                      BRANCHLEN 0.00000001
                SUBTREE
                  NODELST
                    SUBTREE
                      FLAB
                        LABEL
                          LABEL NPKP4Q6K0Y
                      CBLEN
                        BRANCHLEN
                          BRANCHLEN 0.00000001
                    SUBTREE
                      NODELST
                        SUBTREE
                          FLAB
                            LABEL
                              LABEL VHIR5O6P6I
                          CBLEN
                            BRANCHLEN
                              BRANCHLEN 0.00000001
                        SUBTREE
                          NODELST
                            SUBTREE
                              FLAB
                                LABEL
                                  LABEL IB28C02LY6
                              CBLEN
                                BRANCHLEN
                                  BRANCHLEN 0.00000001
                            SUBTREE
                              NODELST
                                SUBTREE
                                  FLAB
                                    LABEL
                                      LABEL 0XHVVQZJ6X
                                  CBLEN
                                    BRANCHLEN
                                      BRANCHLEN 0.00000001
                                SUBTREE
                                  FLAB
                                    LABEL
                                      LABEL 3WV6L0FI5H
                                  CBLEN
                                    BRANCHLEN
                                      BRANCHLEN 0.00000001
                              FLAB
                                LABEL
                                  LABEL 0.000000
                              CBLEN
                                BRANCHLEN
                                  BRANCHLEN 0.00000001
                          FLAB
                            LABEL
                              LABEL 0.000000
                          CBLEN
                            BRANCHLEN
                              BRANCHLEN 0.00000001
                      FLAB
                        LABEL
                          LABEL 0.000000
                      CBLEN
                        BRANCHLEN
                          BRANCHLEN 0.00000001
                  FLAB
                    LABEL
                      LABEL 0.000000
                  CBLEN
                    BRANCHLEN
                      BRANCHLEN 0.00000001
              FLAB
                LABEL
                  LABEL 0.977642
              CBLEN
                BRANCHLEN
                  BRANCHLEN 0.01447907
          FLAB
            LABEL
              LABEL 0.978785
          CBLEN
            BRANCHLEN
              BRANCHLEN 0.01675993
      FLAB
        LABEL
          LABEL 0.000000
      CBLEN
        BRANCHLEN
          BRANCHLEN 0.00000001
<> 0
   <LQ7A5IIG6X> 1e-08
   <LLK157KGJW> 1e-08
   <0.000000> 1e-08
      <MOO2J38S5H> 1e-08
      <0.978785> 0.0167599
         <XHAHMQ2C8N> 1e-08
         <0.977642> 0.0144791
            <QDDGZYZPHN> 1e-08
            <0.000000> 1e-08
               <NPKP4Q6K0Y> 1e-08
               <0.000000> 1e-08
                  <VHIR5O6P6I> 1e-08
                  <0.000000> 1e-08
                     <IB28C02LY6> 1e-08
                     <0.000000> 1e-08
                        <0XHVVQZJ6X> 1e-08
                        <3WV6L0FI5H> 1e-08
LQ7A5IIG6X
LLK157KGJW
MOO2J38S5H
XHAHMQ2C8N
QDDGZYZPHN
NPKP4Q6K0Y
VHIR5O6P6I
IB28C02LY6
0XHVVQZJ6X
3WV6L0FI5H

Root has 3 children of which 2 are leaves
Annotated Newick Tree (*N marks the internal branch N)

(LQ7A5IIG6X:1e-08,LLK157KGJW:1e-08,(MOO2J38S5H:1e-08,(XHAHMQ2C8N:1e-08,(QDDGZYZPHN:1e-08,(NPKP4Q6K0Y:1e-08,(VHIR5O6P6I:1e-08,(IB28C02LY6:1e-08,(0XHVVQZJ6X:1e-08,3WV6L0FI5H:1e-08)0.000000:1e-08*6)0.000000:1e-08*5)0.000000:1e-08*4)0.000000:1e-08*3)0.977642:0.0144791*2)0.978785:0.0167599*1)0.000000:1e-08*0):0;

       0.000      23.000       0.000       0.000
       0.000       0.000      10.000       0.000
       0.000       7.000           0           0
       0.000       0.000           0      10.000
       0.000       0.000      10.000      10.000
       0.000       0.000       0.000       0.000
       0.000       0.000       0.000       0.000
       0.000      10.000       0.000       0.000
       0.000      20.000       0.000      30.000
       0.000      10.000       0.000       0.000
       0.000       0.000      10.000       0.000
       0.000       0.000       0.000       0.000
       0.000      20.000       0.000      10.000
       6.000       0.000       0.000       4.000
      10.000       0.000       0.000       0.000
       0.000       0.000       0.000       0.000

     0.25000     0.15000     0.35000     0.25000
     0.61500     0.15000     0.13500     0.10000
     0.08000     0.45000     0.15000     0.32000

  0.01254606  0.07057159  0.02352386  0.05018424
  0.00306001  0.01721258  0.00573753  0.01224006
  0.00275401  0.01549132  0.00000000  0.00000000
  0.00204001  0.01147505  0.00000000  0.00816004
  0.00752764  0.04234295  0.01411432  0.03011054
  0.00183601  0.01032755  0.00344252  0.00734403
  0.00165241  0.00929479  0.00309826  0.00660963
  0.00122401  0.00688503  0.00229501  0.00489602
  0.01756448  0.09880022  0.03293341  0.07025793
  0.00428402  0.02409761  0.00803254  0.01713608
  0.00385562  0.02168785  0.00722928  0.01542247
  0.00285601  0.01606508  0.00535503  0.01142405
  0.01254606  0.07057159  0.02352386  0.05018424
  0.00306001  0.01721258  0.00573753  0.01224006
  0.00275401  0.01549132  0.00516377  0.01101605
  0.00204001  0.01147505  0.00382502  0.00816004

TIMER (preproc.):   33 ms


Num branches:            17
Internal branches:        7
Unique sites:            15
Total branches:         255
Reduced branches:       255  100.00%
Aggressive reduct.:     252   98.82%


TEST FOR H0 (before optimization)
Trees in class   0:    42
Trees in class   1:     3

TEST FOR H0
Trees in class   0:     8
Trees in class   1:    37

TEST FOR H1 (before optimization)
Trees in class   0:    56
Trees in class   1:     4

TEST FOR H1
Trees in class   0:     8
Trees in class   1:    52

TEST FOR BEB (before optimization)
Trees in class   0:    14
Trees in class   1:     1

TEST FOR BEB
Trees in class   0:     8
Trees in class   1:     7

Doing for all internal branches as foreground
------------------------------------
Doing foreground branch 2

LnL0: -84.080092443781595 Function calls: 1000	  

  0.0000000  0.0000000  0.0000000  0.0000000  0.0556517  0.0000000  0.0566261  0.0000000
  0.0000000  0.0000000  0.0000000  0.0000000  0.0000000  0.0000000  0.0000000  0.0000000
  0.0000000

p0:  1.0000000  p1:  0.0000000  p2a:  0.0000000  p2b:  0.0000000
w0:  0.1606263  k:   0.0001000

LnL1: -84.080092443781126 Function calls: 1091

  0.0000000 -0.0000000  0.0000000 -0.0000000  0.0556517  0.0000000  0.0566261  0.0000000
  0.0000000  0.0000000  0.0000000  0.0000000  0.0000000  0.0000000  0.0000000 -0.0000000
  0.0000000

p0:  0.9999999  p1:  0.0000000  p2a:  0.0000001  p2b:  0.0000000
w0:  0.1606263  k:   0.0001000  w2:   1.3010067

LRT: 0.000000000000469	 (threshold: 1.920729410347062)

H1 Final Annotated Newick Tree (*N marks the branch N)

(LQ7A5IIG6X:0.000000*0,LLK157KGJW:-0.000000*1,(MOO2J38S5H:-0.000000*3,(XHAHMQ2C8N:0.000000*5,(QDDGZYZPHN:0.000000*7,(NPKP4Q6K0Y:0.000000*9,(VHIR5O6P6I:0.000000*11,(IB28C02LY6:0.000000*13,(0XHVVQZJ6X:-0.000000*15,3WV6L0FI5H:0.000000*16)0.000000:0.000000*14)0.000000:0.000000*12)0.000000:0.000000*10)0.000000:0.000000*8)0.977642:0.056626*6)0.978785:0.055652*4)0.000000:0.000000*2);

(LQ7A5IIG6X:0.000000,LLK157KGJW:-0.000000,(MOO2J38S5H:-0.000000,(XHAHMQ2C8N:0.000000,(QDDGZYZPHN:0.000000,(NPKP4Q6K0Y:0.000000,(VHIR5O6P6I:0.000000,(IB28C02LY6:0.000000,(0XHVVQZJ6X:-0.000000,3WV6L0FI5H:0.000000)0.000000:0.000000)0.000000:0.000000)0.000000:0.000000)0.000000:0.000000)0.977642:0.056626)0.978785:0.055652)0.000000:0.000000);

Doing foreground branch 4

LnL0: -82.826111349897047 Function calls: 829	  

  0.0000000  0.0000000  0.0000000  0.0000000  0.0501092  0.0000000  0.0682420  0.0000000
  0.0000000  0.0000000  0.0000000  0.0000000  0.0000000  0.0000000  0.0000000  0.0000000
  0.0000000

p0:  0.0000000  p1:  0.0000000  p2a:  1.0000000  p2b:  0.0000000
w0:  0.0000010  k:   0.0001000

LnL1: -82.670724327754783 Function calls: 1433

  0.0000000  0.0000000  0.0000000  0.0000000  0.0484902  0.0000000  0.0682420  0.0000000
  0.0000000  0.0000000  0.0000000  0.0000000  0.0000000  0.0000000  0.0000000  0.0000000
  0.0000000

p0:  0.0000000  p1:  0.0000000  p2a:  1.0000000  p2b:  0.0000000
w0:  0.0000010  k:   0.0001000  w2: 999.0000000

LRT: 0.155387022142264	 (threshold: 1.920729410347062)

H1 Final Annotated Newick Tree (*N marks the branch N)

(LQ7A5IIG6X:0.000000*0,LLK157KGJW:0.000000*1,(MOO2J38S5H:0.000000*3,(XHAHMQ2C8N:0.000000*5,(QDDGZYZPHN:0.000000*7,(NPKP4Q6K0Y:0.000000*9,(VHIR5O6P6I:0.000000*11,(IB28C02LY6:0.000000*13,(0XHVVQZJ6X:0.000000*15,3WV6L0FI5H:0.000000*16)0.000000:0.000000*14)0.000000:0.000000*12)0.000000:0.000000*10)0.000000:0.000000*8)0.977642:0.068242*6)0.978785:0.048490*4)0.000000:0.000000*2);

(LQ7A5IIG6X:0.000000,LLK157KGJW:0.000000,(MOO2J38S5H:0.000000,(XHAHMQ2C8N:0.000000,(QDDGZYZPHN:0.000000,(NPKP4Q6K0Y:0.000000,(VHIR5O6P6I:0.000000,(IB28C02LY6:0.000000,(0XHVVQZJ6X:0.000000,3WV6L0FI5H:0.000000)0.000000:0.000000)0.000000:0.000000)0.000000:0.000000)0.000000:0.000000)0.977642:0.068242)0.978785:0.048490)0.000000:0.000000);

Doing foreground branch 6

LnL0: -84.080092443781069 Function calls: 1029	  

  0.0000000  0.0000000  0.0000000  0.0000000  0.0556517  0.0000000  0.0566261  0.0000000
  0.0000000  0.0000000 -0.0000000  0.0000000  0.0000000  0.0000000  0.0000000 -0.0000000
  0.0000000

p0:  1.0000000  p1:  0.0000000  p2a:  0.0000000  p2b:  0.0000000
w0:  0.1606263  k:   0.0001000

LnL1: -84.080092443781524 Function calls: 1034

  0.0000000  0.0000000  0.0000000  0.0000000  0.0556517  0.0000000  0.0566261  0.0000000
  0.0000000  0.0000000  0.0000000  0.0000000  0.0000000  0.0000000  0.0000000  0.0000000
  0.0000000

p0:  1.0000000  p1:  0.0000000  p2a:  0.0000000  p2b:  0.0000000
w0:  0.1606263  k:   0.0001000  w2:   1.0258133

LRT: -0.000000000000455	 (threshold: 1.920729410347062)

H1 Final Annotated Newick Tree (*N marks the branch N)

(LQ7A5IIG6X:0.000000*0,LLK157KGJW:0.000000*1,(MOO2J38S5H:0.000000*3,(XHAHMQ2C8N:0.000000*5,(QDDGZYZPHN:0.000000*7,(NPKP4Q6K0Y:0.000000*9,(VHIR5O6P6I:0.000000*11,(IB28C02LY6:0.000000*13,(0XHVVQZJ6X:0.000000*15,3WV6L0FI5H:0.000000*16)0.000000:0.000000*14)0.000000:0.000000*12)0.000000:0.000000*10)0.000000:0.000000*8)0.977642:0.056626*6)0.978785:0.055652*4)0.000000:0.000000*2);

(LQ7A5IIG6X:0.000000,LLK157KGJW:0.000000,(MOO2J38S5H:0.000000,(XHAHMQ2C8N:0.000000,(QDDGZYZPHN:0.000000,(NPKP4Q6K0Y:0.000000,(VHIR5O6P6I:0.000000,(IB28C02LY6:0.000000,(0XHVVQZJ6X:0.000000,3WV6L0FI5H:0.000000)0.000000:0.000000)0.000000:0.000000)0.000000:0.000000)0.000000:0.000000)0.977642:0.056626)0.978785:0.055652)0.000000:0.000000);

Doing foreground branch 8

LnL0: -84.080092443781126 Function calls: 1136	  

  0.0000000  0.0000000  0.0000000  0.0000000  0.0556517  0.0000000  0.0566261  0.0000000
  0.0000000  0.0000000  0.0000000  0.0000000  0.0000000  0.0000000  0.0000000  0.0000000
  0.0000000

p0:  0.8523829  p1:  0.0000000  p2a:  0.1476171  p2b:  0.0000000
w0:  0.1606263  k:   0.0001000

LnL1: -84.080092443781126 Function calls: 828

  0.0000000  0.0000000  0.0000000  0.0000000  0.0556517  0.0000000  0.0566261  0.0000000
  0.0000000  0.0000000  0.0000000  0.0000000  0.0000000  0.0000000  0.0000000  0.0000000
  0.0000000

p0:  0.8838374  p1:  0.0000000  p2a:  0.1161626  p2b:  0.0000000
w0:  0.1606263  k:   0.0001000  w2:   1.0429385

LRT: 0.000000000000000	 (threshold: 1.920729410347062)

H1 Final Annotated Newick Tree (*N marks the branch N)

(LQ7A5IIG6X:0.000000*0,LLK157KGJW:0.000000*1,(MOO2J38S5H:0.000000*3,(XHAHMQ2C8N:0.000000*5,(QDDGZYZPHN:0.000000*7,(NPKP4Q6K0Y:0.000000*9,(VHIR5O6P6I:0.000000*11,(IB28C02LY6:0.000000*13,(0XHVVQZJ6X:0.000000*15,3WV6L0FI5H:0.000000*16)0.000000:0.000000*14)0.000000:0.000000*12)0.000000:0.000000*10)0.000000:0.000000*8)0.977642:0.056626*6)0.978785:0.055652*4)0.000000:0.000000*2);

(LQ7A5IIG6X:0.000000,LLK157KGJW:0.000000,(MOO2J38S5H:0.000000,(XHAHMQ2C8N:0.000000,(QDDGZYZPHN:0.000000,(NPKP4Q6K0Y:0.000000,(VHIR5O6P6I:0.000000,(IB28C02LY6:0.000000,(0XHVVQZJ6X:0.000000,3WV6L0FI5H:0.000000)0.000000:0.000000)0.000000:0.000000)0.000000:0.000000)0.000000:0.000000)0.977642:0.056626)0.978785:0.055652)0.000000:0.000000);

Doing foreground branch 10

LnL0: -84.080092443781908 Function calls: 1003	  

  0.0000000  0.0000000  0.0000000  0.0000000  0.0556517  0.0000000  0.0566261  0.0000000
  0.0000000  0.0000000  0.0000000  0.0000000  0.0000000  0.0000000  0.0000000  0.0000000
  0.0000000

p0:  1.0000000  p1:  0.0000000  p2a:  0.0000000  p2b:  0.0000000
w0:  0.1606263  k:   0.0001000

LnL1: -84.080092443781524 Function calls: 1112

  0.0000000  0.0000000  0.0000000  0.0000000  0.0556517  0.0000000  0.0566261  0.0000000
  0.0000000  0.0000000  0.0000000  0.0000000  0.0000000  0.0000000  0.0000000  0.0000000
  0.0000000

p0:  0.8670830  p1:  0.0000000  p2a:  0.1329170  p2b:  0.0000000
w0:  0.1606263  k:   0.0001000  w2:   1.0488853

LRT: 0.000000000000384	 (threshold: 1.920729410347062)

H1 Final Annotated Newick Tree (*N marks the branch N)

(LQ7A5IIG6X:0.000000*0,LLK157KGJW:0.000000*1,(MOO2J38S5H:0.000000*3,(XHAHMQ2C8N:0.000000*5,(QDDGZYZPHN:0.000000*7,(NPKP4Q6K0Y:0.000000*9,(VHIR5O6P6I:0.000000*11,(IB28C02LY6:0.000000*13,(0XHVVQZJ6X:0.000000*15,3WV6L0FI5H:0.000000*16)0.000000:0.000000*14)0.000000:0.000000*12)0.000000:0.000000*10)0.000000:0.000000*8)0.977642:0.056626*6)0.978785:0.055652*4)0.000000:0.000000*2);

(LQ7A5IIG6X:0.000000,LLK157KGJW:0.000000,(MOO2J38S5H:0.000000,(XHAHMQ2C8N:0.000000,(QDDGZYZPHN:0.000000,(NPKP4Q6K0Y:0.000000,(VHIR5O6P6I:0.000000,(IB28C02LY6:0.000000,(0XHVVQZJ6X:0.000000,3WV6L0FI5H:0.000000)0.000000:0.000000)0.000000:0.000000)0.000000:0.000000)0.000000:0.000000)0.977642:0.056626)0.978785:0.055652)0.000000:0.000000);

Doing foreground branch 12

LnL0: -84.080092443781524 Function calls: 1008	  

  0.0000000  0.0000000  0.0000000  0.0000000  0.0556517  0.0000000  0.0566261  0.0000000
  0.0000000  0.0000000  0.0000000  0.0000000  0.0000000  0.0000000  0.0000000  0.0000000
  0.0000000

p0:  1.0000000  p1:  0.0000000  p2a:  0.0000000  p2b:  0.0000000
w0:  0.1606263  k:   0.0001000

LnL1: -84.080092443781936 Function calls: 1131

  0.0000000  0.0000000  0.0000000  0.0000000  0.0556517  0.0000000  0.0566261  0.0000000
  0.0000000  0.0000000  0.0000000  0.0000000  0.0000000  0.0000000  0.0000000  0.0000000
  0.0000000

p0:  1.0000000  p1:  0.0000000  p2a:  0.0000000  p2b:  0.0000000
w0:  0.1606263  k:   0.0001000  w2:   1.1708581

LRT: -0.000000000000412	 (threshold: 1.920729410347062)

H1 Final Annotated Newick Tree (*N marks the branch N)

(LQ7A5IIG6X:0.000000*0,LLK157KGJW:0.000000*1,(MOO2J38S5H:0.000000*3,(XHAHMQ2C8N:0.000000*5,(QDDGZYZPHN:0.000000*7,(NPKP4Q6K0Y:0.000000*9,(VHIR5O6P6I:0.000000*11,(IB28C02LY6:0.000000*13,(0XHVVQZJ6X:0.000000*15,3WV6L0FI5H:0.000000*16)0.000000:0.000000*14)0.000000:0.000000*12)0.000000:0.000000*10)0.000000:0.000000*8)0.977642:0.056626*6)0.978785:0.055652*4)0.000000:0.000000*2);

(LQ7A5IIG6X:0.000000,LLK157KGJW:0.000000,(MOO2J38S5H:0.000000,(XHAHMQ2C8N:0.000000,(QDDGZYZPHN:0.000000,(NPKP4Q6K0Y:0.000000,(VHIR5O6P6I:0.000000,(IB28C02LY6:0.000000,(0XHVVQZJ6X:0.000000,3WV6L0FI5H:0.000000)0.000000:0.000000)0.000000:0.000000)0.000000:0.000000)0.000000:0.000000)0.977642:0.056626)0.978785:0.055652)0.000000:0.000000);

Doing foreground branch 14

LnL0: -84.080092443781624 Function calls: 1073	  

  0.0000000  0.0000000  0.0000000  0.0000000  0.0556517  0.0000000  0.0566261  0.0000000
  0.0000000  0.0000000  0.0000000  0.0000000  0.0000000  0.0000000  0.0000000  0.0000000
  0.0000000

p0:  1.0000000  p1:  0.0000000  p2a:  0.0000000  p2b:  0.0000000
w0:  0.1606263  k:   0.0001000

LnL1: -84.080092443781155 Function calls: 1126

  0.0000000  0.0000000  0.0000000  0.0000000  0.0556517  0.0000000  0.0566261  0.0000000
  0.0000000  0.0000000  0.0000000  0.0000000  0.0000000  0.0000000  0.0000000  0.0000000
  0.0000000

p0:  1.0000000  p1:  0.0000000  p2a:  0.0000000  p2b:  0.0000000
w0:  0.1606263  k:   0.0001000  w2:   2.0982979

LRT: 0.000000000000469	 (threshold: 1.920729410347062)

H1 Final Annotated Newick Tree (*N marks the branch N)

(LQ7A5IIG6X:0.000000*0,LLK157KGJW:0.000000*1,(MOO2J38S5H:0.000000*3,(XHAHMQ2C8N:0.000000*5,(QDDGZYZPHN:0.000000*7,(NPKP4Q6K0Y:0.000000*9,(VHIR5O6P6I:0.000000*11,(IB28C02LY6:0.000000*13,(0XHVVQZJ6X:0.000000*15,3WV6L0FI5H:0.000000*16)0.000000:0.000000*14)0.000000:0.000000*12)0.000000:0.000000*10)0.000000:0.000000*8)0.977642:0.056626*6)0.978785:0.055652*4)0.000000:0.000000*2);

(LQ7A5IIG6X:0.000000,LLK157KGJW:0.000000,(MOO2J38S5H:0.000000,(XHAHMQ2C8N:0.000000,(QDDGZYZPHN:0.000000,(NPKP4Q6K0Y:0.000000,(VHIR5O6P6I:0.000000,(IB28C02LY6:0.000000,(0XHVVQZJ6X:0.000000,3WV6L0FI5H:0.000000)0.000000:0.000000)0.000000:0.000000)0.000000:0.000000)0.000000:0.000000)0.977642:0.056626)0.978785:0.055652)0.000000:0.000000);


TIMER (processing) ncores:  4 time: 363509

Time used: 6m:3s
Cores used: 4
