

. command-line: phyml -q -i /workdir/fasty_run_1484903013/phyml20170120-1-80nz09/aligned.phylip 

. Random seed: 1484903075




                                 ..........................                                      
 ooooooooooooooooooooooooooooo        CURRENT SETTINGS        ooooooooooooooooooooooooooooooooooo
                                 ..........................                                      

                . Sequence filename:				 aligned.phylip
                . Data type:					 dna
                . Alphabet size:				 4
                . Sequence format:				 sequential
                . Number of data sets:				 1
                . Nb of bootstrapped data sets:			 0
                . Compute approximate likelihood ratio test:	 yes (aBayes branch supports)
                . Model name:					 HKY85
                . Ts/tv ratio:					 estimated
                . Proportion of invariable sites:		 0.000000
                . Number of subst. rate categs:			 4
                . Gamma distribution parameter:			 estimated
                . 'Middle' of each rate class:			 mean
                . Nucleotide equilibrium frequencies:		 empirical
                . Optimise tree topology:			 yes
                . Tree topology search:				 NNIs
                . Starting tree:				 BioNJ
                . Add random input tree:			 no
                . Optimise branch lengths:			 yes
                . Optimise substitution model parameters:	 yes
                . Run ID:					 none
                . Random seed:					 1484903075
                . Subtree patterns aliasing:			 no
                . Version:					 3.2.20160531

 oooooooooooooooooooooooooooooooooooooooooooooooooooooooooooooooooooooooooooooooooooooooooooooooo



. 6 patterns found (out of a total of 60 sites). 

. 58 sites without polymorphism (96.67%).

. Computing pairwise distances...

. Building BioNJ tree...

. Maximizing likelihood (using SPR moves)...

. Minimizing parsimony...

. (    0 sec) [    2]
. (    0 sec) [    2]
. (    0 sec) [       -98.8224] [Ts/ts ratio        ][  0.116718]
. (    0 sec) [       -98.8021] [Alpha              ][ 44.376940]
. (    0 sec) [       -93.8579] [Ts/ts ratio        ][  0.011672]
. (    0 sec) [       -93.8574] [Alpha              ][443.769400]
. (    0 sec) [       -93.8459] [Ts/ts ratio        ][  0.001167]
. (    0 sec) [       -93.8458] [Alpha              ][4437.694000]

. First round of SPR moves...

. (    0 sec) [       -93.8447] [Ts/ts ratio        ][  0.000117]
. (    0 sec) [       -93.8447] [Alpha              ][44376.940000]
. (    0 sec) [       -93.8447] [Topology           ][# nnis=  0]
. (    0 sec) [       -93.8447] [Topology           ]
. (    0 sec) [       -93.8446] [Ts/ts ratio        ][  0.000012]
. (    0 sec) [       -93.8446] [Alpha              ][443769.400000]
. (    0 sec) [       -93.8446] [Branch lengths     ]
. (    0 sec) [       -93.8446] [Ts/ts ratio        ][  0.000001]
. (    0 sec) [       -93.8446] [Alpha              ][4437694.000000]
. (    0 sec) [       -93.8446] [Branch lengths     ]
. (    0 sec) [       -93.8446] [Ts/ts ratio        ][  0.000000]
. (    0 sec) [       -93.8446] [Alpha              ][44376940.000000]
. (    0 sec) [       -93.8446] [Ts/ts ratio        ][  0.000000]
. (    0 sec) [       -93.8446] [Alpha              ][443769400.000000]

. Checking for NNIs, optimizing five branches...


. Log likelihood of the current tree: -93.844576.

. Calculating fast branch supports (using 'aBayes').

. Printing the most likely tree in file 'aligned.phylip_phyml_tree'.

. Time used 0h0m0s

oooooooooooooooooooooooooooooooooooooooooooooooooooooooooooooooooooooooooooooooooooooooooooooooo
